{"/Users/priyankabhosale/Documents/ProjectRepo/backend/index.js": {"path":"/Users/priyankabhosale/Documents/ProjectRepo/backend/index.js","statementMap":{"0":{"start":{"line":1,"column":16},"end":{"line":1,"column":34}},"1":{"start":{"line":2,"column":19},"end":{"line":2,"column":41}},"2":{"start":{"line":3,"column":13},"end":{"line":3,"column":28}},"3":{"start":{"line":4,"column":17},"end":{"line":4,"column":36}},"4":{"start":{"line":5,"column":18},"end":{"line":5,"column":37}},"5":{"start":{"line":6,"column":13},"end":{"line":6,"column":32}},"6":{"start":{"line":7,"column":13},"end":{"line":7,"column":28}},"7":{"start":{"line":10,"column":12},"end":{"line":10,"column":21}},"8":{"start":{"line":11,"column":13},"end":{"line":11,"column":17}},"9":{"start":{"line":13,"column":0},"end":{"line":13,"column":16}},"10":{"start":{"line":14,"column":0},"end":{"line":14,"column":66}},"11":{"start":{"line":15,"column":0},"end":{"line":20,"column":2}},"12":{"start":{"line":22,"column":11},"end":{"line":22,"column":30}},"13":{"start":{"line":23,"column":0},"end":{"line":23,"column":66}},"14":{"start":{"line":24,"column":0},"end":{"line":26,"column":3}},"15":{"start":{"line":25,"column":4},"end":{"line":25,"column":42}},"16":{"start":{"line":29,"column":0},"end":{"line":29,"column":52}},"17":{"start":{"line":30,"column":0},"end":{"line":30,"column":27}},"18":{"start":{"line":32,"column":0},"end":{"line":45,"column":3}},"19":{"start":{"line":35,"column":16},"end":{"line":35,"column":50}},"20":{"start":{"line":36,"column":4},"end":{"line":36,"column":26}},"21":{"start":{"line":37,"column":4},"end":{"line":37,"column":21}},"22":{"start":{"line":38,"column":17},"end":{"line":38,"column":41}},"23":{"start":{"line":40,"column":0},"end":{"line":40,"column":44}},"24":{"start":{"line":41,"column":4},"end":{"line":41,"column":19}},"25":{"start":{"line":54,"column":0},"end":{"line":65,"column":4}},"26":{"start":{"line":55,"column":20},"end":{"line":55,"column":31}},"27":{"start":{"line":56,"column":15},"end":{"line":56,"column":28}},"28":{"start":{"line":57,"column":21},"end":{"line":60,"column":4}},"29":{"start":{"line":63,"column":0},"end":{"line":63,"column":18}},"30":{"start":{"line":64,"column":4},"end":{"line":64,"column":34}},"31":{"start":{"line":67,"column":2},"end":{"line":71,"column":4}},"32":{"start":{"line":68,"column":6},"end":{"line":68,"column":33}},"33":{"start":{"line":69,"column":4},"end":{"line":69,"column":62}},"34":{"start":{"line":70,"column":4},"end":{"line":70,"column":37}},"35":{"start":{"line":77,"column":0},"end":{"line":77,"column":81}},"36":{"start":{"line":77,"column":23},"end":{"line":77,"column":80}},"37":{"start":{"line":80,"column":0},"end":{"line":82,"column":3}},"38":{"start":{"line":81,"column":2},"end":{"line":81,"column":68}},"39":{"start":{"line":84,"column":0},"end":{"line":92,"column":1}},"40":{"start":{"line":87,"column":14},"end":{"line":87,"column":48}},"41":{"start":{"line":89,"column":2},"end":{"line":89,"column":18}}},"fnMap":{"0":{"name":"(anonymous_0)","decl":{"start":{"line":24,"column":16},"end":{"line":24,"column":17}},"loc":{"start":{"line":24,"column":28},"end":{"line":26,"column":1}},"line":24},"1":{"name":"(anonymous_1)","decl":{"start":{"line":32,"column":20},"end":{"line":32,"column":21}},"loc":{"start":{"line":32,"column":40},"end":{"line":45,"column":1}},"line":32},"2":{"name":"(anonymous_2)","decl":{"start":{"line":54,"column":20},"end":{"line":54,"column":21}},"loc":{"start":{"line":54,"column":34},"end":{"line":65,"column":3}},"line":54},"3":{"name":"(anonymous_3)","decl":{"start":{"line":67,"column":28},"end":{"line":67,"column":29}},"loc":{"start":{"line":67,"column":48},"end":{"line":71,"column":3}},"line":67},"4":{"name":"(anonymous_4)","decl":{"start":{"line":77,"column":17},"end":{"line":77,"column":18}},"loc":{"start":{"line":77,"column":23},"end":{"line":77,"column":80}},"line":77},"5":{"name":"(anonymous_5)","decl":{"start":{"line":80,"column":13},"end":{"line":80,"column":14}},"loc":{"start":{"line":80,"column":27},"end":{"line":82,"column":1}},"line":80},"6":{"name":"find","decl":{"start":{"line":84,"column":32},"end":{"line":84,"column":36}},"loc":{"start":{"line":84,"column":38},"end":{"line":92,"column":1}},"line":84}},"branchMap":{},"s":{"0":1,"1":1,"2":1,"3":1,"4":1,"5":1,"6":1,"7":1,"8":1,"9":1,"10":1,"11":1,"12":1,"13":1,"14":1,"15":0,"16":1,"17":1,"18":1,"19":0,"20":0,"21":0,"22":0,"23":0,"24":0,"25":1,"26":0,"27":0,"28":0,"29":0,"30":0,"31":1,"32":0,"33":0,"34":0,"35":1,"36":0,"37":1,"38":0,"39":1,"40":1,"41":0},"f":{"0":0,"1":0,"2":0,"3":0,"4":0,"5":0,"6":1},"b":{},"_coverageSchema":"1a1c01bbd47fc00a2c39e90264f33305004495a9","hash":"e5e0f583221b75de61536faf616bedb831d78fe2"}
,"/Users/priyankabhosale/Documents/ProjectRepo/backend/models.js": {"path":"/Users/priyankabhosale/Documents/ProjectRepo/backend/models.js","statementMap":{"0":{"start":{"line":1,"column":17},"end":{"line":1,"column":36}},"1":{"start":{"line":3,"column":19},"end":{"line":12,"column":2}},"2":{"start":{"line":14,"column":13},"end":{"line":14,"column":47}},"3":{"start":{"line":16,"column":0},"end":{"line":16,"column":22}}},"fnMap":{},"branchMap":{},"s":{"0":1,"1":1,"2":1,"3":1},"f":{},"b":{},"_coverageSchema":"1a1c01bbd47fc00a2c39e90264f33305004495a9","hash":"8579c51cae44d525feb4f479b89b5fafac524f4a"}
}
