{"/Users/priyankabhosale/Documents/ProjectRepo/backend/index.js": {"path":"/Users/priyankabhosale/Documents/ProjectRepo/backend/index.js","statementMap":{"0":{"start":{"line":1,"column":16},"end":{"line":1,"column":34}},"1":{"start":{"line":2,"column":19},"end":{"line":2,"column":41}},"2":{"start":{"line":3,"column":13},"end":{"line":3,"column":28}},"3":{"start":{"line":4,"column":17},"end":{"line":4,"column":36}},"4":{"start":{"line":5,"column":18},"end":{"line":5,"column":37}},"5":{"start":{"line":6,"column":13},"end":{"line":6,"column":32}},"6":{"start":{"line":9,"column":12},"end":{"line":9,"column":21}},"7":{"start":{"line":10,"column":13},"end":{"line":10,"column":17}},"8":{"start":{"line":12,"column":0},"end":{"line":12,"column":16}},"9":{"start":{"line":14,"column":0},"end":{"line":19,"column":2}},"10":{"start":{"line":21,"column":11},"end":{"line":21,"column":30}},"11":{"start":{"line":22,"column":0},"end":{"line":22,"column":66}},"12":{"start":{"line":23,"column":0},"end":{"line":25,"column":3}},"13":{"start":{"line":24,"column":4},"end":{"line":24,"column":42}},"14":{"start":{"line":28,"column":0},"end":{"line":28,"column":52}},"15":{"start":{"line":29,"column":0},"end":{"line":29,"column":27}},"16":{"start":{"line":31,"column":0},"end":{"line":44,"column":3}},"17":{"start":{"line":34,"column":16},"end":{"line":34,"column":50}},"18":{"start":{"line":35,"column":4},"end":{"line":35,"column":26}},"19":{"start":{"line":36,"column":4},"end":{"line":36,"column":21}},"20":{"start":{"line":37,"column":17},"end":{"line":37,"column":41}},"21":{"start":{"line":39,"column":0},"end":{"line":39,"column":44}},"22":{"start":{"line":40,"column":4},"end":{"line":40,"column":19}},"23":{"start":{"line":53,"column":0},"end":{"line":64,"column":4}},"24":{"start":{"line":54,"column":20},"end":{"line":54,"column":31}},"25":{"start":{"line":55,"column":15},"end":{"line":55,"column":28}},"26":{"start":{"line":56,"column":21},"end":{"line":59,"column":4}},"27":{"start":{"line":62,"column":0},"end":{"line":62,"column":18}},"28":{"start":{"line":63,"column":4},"end":{"line":63,"column":34}},"29":{"start":{"line":66,"column":2},"end":{"line":70,"column":4}},"30":{"start":{"line":67,"column":6},"end":{"line":67,"column":33}},"31":{"start":{"line":68,"column":4},"end":{"line":68,"column":62}},"32":{"start":{"line":69,"column":4},"end":{"line":69,"column":37}},"33":{"start":{"line":76,"column":0},"end":{"line":76,"column":81}},"34":{"start":{"line":76,"column":23},"end":{"line":76,"column":80}},"35":{"start":{"line":79,"column":0},"end":{"line":87,"column":1}},"36":{"start":{"line":82,"column":14},"end":{"line":82,"column":48}},"37":{"start":{"line":84,"column":2},"end":{"line":84,"column":18}}},"fnMap":{"0":{"name":"(anonymous_0)","decl":{"start":{"line":23,"column":16},"end":{"line":23,"column":17}},"loc":{"start":{"line":23,"column":28},"end":{"line":25,"column":1}},"line":23},"1":{"name":"(anonymous_1)","decl":{"start":{"line":31,"column":20},"end":{"line":31,"column":21}},"loc":{"start":{"line":31,"column":40},"end":{"line":44,"column":1}},"line":31},"2":{"name":"(anonymous_2)","decl":{"start":{"line":53,"column":20},"end":{"line":53,"column":21}},"loc":{"start":{"line":53,"column":34},"end":{"line":64,"column":3}},"line":53},"3":{"name":"(anonymous_3)","decl":{"start":{"line":66,"column":28},"end":{"line":66,"column":29}},"loc":{"start":{"line":66,"column":48},"end":{"line":70,"column":3}},"line":66},"4":{"name":"(anonymous_4)","decl":{"start":{"line":76,"column":17},"end":{"line":76,"column":18}},"loc":{"start":{"line":76,"column":23},"end":{"line":76,"column":80}},"line":76},"5":{"name":"find","decl":{"start":{"line":79,"column":32},"end":{"line":79,"column":36}},"loc":{"start":{"line":79,"column":38},"end":{"line":87,"column":1}},"line":79}},"branchMap":{},"s":{"0":1,"1":1,"2":1,"3":1,"4":1,"5":1,"6":1,"7":1,"8":1,"9":1,"10":1,"11":1,"12":1,"13":0,"14":1,"15":1,"16":1,"17":0,"18":0,"19":0,"20":0,"21":0,"22":0,"23":1,"24":0,"25":0,"26":0,"27":0,"28":0,"29":1,"30":0,"31":0,"32":0,"33":1,"34":0,"35":1,"36":1,"37":0},"f":{"0":0,"1":0,"2":0,"3":0,"4":0,"5":1},"b":{},"_coverageSchema":"1a1c01bbd47fc00a2c39e90264f33305004495a9","hash":"e73b56974acde8eb030c80294c77d27ee1967e07"}
,"/Users/priyankabhosale/Documents/ProjectRepo/backend/models.js": {"path":"/Users/priyankabhosale/Documents/ProjectRepo/backend/models.js","statementMap":{"0":{"start":{"line":1,"column":17},"end":{"line":1,"column":36}},"1":{"start":{"line":3,"column":19},"end":{"line":12,"column":2}},"2":{"start":{"line":14,"column":13},"end":{"line":14,"column":47}},"3":{"start":{"line":16,"column":0},"end":{"line":16,"column":22}}},"fnMap":{},"branchMap":{},"s":{"0":1,"1":1,"2":1,"3":1},"f":{},"b":{},"_coverageSchema":"1a1c01bbd47fc00a2c39e90264f33305004495a9","hash":"8579c51cae44d525feb4f479b89b5fafac524f4a"}
}
