TN:
SF:index.js
FN:23,(anonymous_0)
FN:31,(anonymous_1)
FN:53,(anonymous_2)
FN:66,(anonymous_3)
FN:76,(anonymous_4)
FN:79,find
FNF:6
FNH:1
FNDA:0,(anonymous_0)
FNDA:0,(anonymous_1)
FNDA:0,(anonymous_2)
FNDA:0,(anonymous_3)
FNDA:0,(anonymous_4)
FNDA:1,find
DA:1,1
DA:2,1
DA:3,1
DA:4,1
DA:5,1
DA:6,1
DA:9,1
DA:10,1
DA:12,1
DA:14,1
DA:21,1
DA:22,1
DA:23,1
DA:24,0
DA:28,1
DA:29,1
DA:31,1
DA:34,0
DA:35,0
DA:36,0
DA:37,0
DA:39,0
DA:40,0
DA:53,1
DA:54,0
DA:55,0
DA:56,0
DA:62,0
DA:63,0
DA:66,1
DA:67,0
DA:68,0
DA:69,0
DA:76,1
DA:79,1
DA:82,1
DA:84,0
LF:37
LH:21
BRF:0
BRH:0
end_of_record
TN:
SF:models.js
FNF:0
FNH:0
DA:1,1
DA:3,1
DA:14,1
DA:16,1
LF:4
LH:4
BRF:0
BRH:0
end_of_record
