TN:
SF:index.js
FN:24,(anonymous_0)
FN:32,(anonymous_1)
FN:54,(anonymous_2)
FN:67,(anonymous_3)
FN:77,(anonymous_4)
FN:80,(anonymous_5)
FN:84,find
FNF:7
FNH:1
FNDA:0,(anonymous_0)
FNDA:0,(anonymous_1)
FNDA:0,(anonymous_2)
FNDA:0,(anonymous_3)
FNDA:0,(anonymous_4)
FNDA:0,(anonymous_5)
FNDA:1,find
DA:1,1
DA:2,1
DA:3,1
DA:4,1
DA:5,1
DA:6,1
DA:7,1
DA:10,1
DA:11,1
DA:13,1
DA:14,1
DA:15,1
DA:22,1
DA:23,1
DA:24,1
DA:25,0
DA:29,1
DA:30,1
DA:32,1
DA:35,0
DA:36,0
DA:37,0
DA:38,0
DA:40,0
DA:41,0
DA:54,1
DA:55,0
DA:56,0
DA:57,0
DA:63,0
DA:64,0
DA:67,1
DA:68,0
DA:69,0
DA:70,0
DA:77,1
DA:80,1
DA:81,0
DA:84,1
DA:87,1
DA:89,0
LF:41
LH:24
BRF:0
BRH:0
end_of_record
TN:
SF:models.js
FNF:0
FNH:0
DA:1,1
DA:3,1
DA:14,1
DA:16,1
LF:4
LH:4
BRF:0
BRH:0
end_of_record
